
> trustid-frontend@1.0.0 dev
> next dev

   ▲ Next.js 14.0.4
   - Local:        http://localhost:3000

 ✓ Ready in 2.1s
 ○ Compiling /api/activity-log ...
 ✓ Compiled /api/activity-log in 574ms (62 modules)
 ○ Compiling /_error ...
 ✓ Compiled /_error in 799ms (202 modules)
 ⚠ Fast Refresh had to perform a full reload. Read more: https://nextjs.org/docs/messages/fast-refresh-reload
 ○ Compiling / ...
 ⨯ ./pages/index.js
Error: 
  [31mx[0m the name `flaskCount` is defined multiple times
    ,-[[36;1;4m/home/enqi3/trustid-v2/frontend/pages/index.js[0m:39:1]
 [2m39[0m | 
 [2m40[0m |   // Poll both sources — track by count not content
 [2m41[0m |   const [flaskLogs, setFlaskLogs] = useState([]);
 [2m42[0m |   const flaskCount = useRef(0);
    : [31;1m        ^^^^^|^^^^[0m
    :              [31;1m`-- [31;1mprevious definition of `flaskCount` here[0m[0m
 [2m43[0m |   useEffect(() => {
 [2m44[0m |     const poll = async () => {
 [2m45[0m |       try {
 [2m46[0m |         const r = await fetch('http://localhost:5001/training-log?since=' + flaskCount.current);
 [2m47[0m |         const d = await r.json();
 [2m48[0m |         if (d.logs && d.logs.length > 0) {
 [2m49[0m |           flaskCount.current = flaskCount.current + d.logs.length;
 [2m50[0m |           setFlaskLogs(prev => [...prev, ...d.logs].slice(-100));
 [2m51[0m |           setLogs(prev => [...prev, ...d.logs].slice(-200));
 [2m52[0m |         }
 [2m53[0m |       } catch(e) {}
 [2m54[0m |     };
 [2m55[0m |     const iv = setInterval(poll, 2000);
 [2m56[0m |     return () => clearInterval(iv);
 [2m57[0m |   }, []);
 [2m58[0m |   const localCount = useRef(0);
 [2m59[0m |   const flaskCount = useRef(0);
    : [33;1m        ^^^^^|^^^^[0m
    :              [33;1m`-- [33;1m`flaskCount` redefined here[0m[0m
 [2m60[0m |   useEffect(() => {
 [2m61[0m |     const poll = async () => {
 [2m62[0m |       try {
    `----
 ✓ Compiled / in 1076ms (224 modules)
 ⚠ Fast Refresh had to perform a full reload due to a runtime error.
 ✓ Compiled /api/metrics in 182ms (91 modules)
 ✓ Compiled (93 modules)
 ○ Compiling /register ...
 ✓ Compiled /register in 761ms (287 modules)
 ✓ Compiled /api/identity/register in 180ms (141 modules)
 ✓ Compiled in 468ms (284 modules)
 ✓ Compiled /api/metrics in 147ms (135 modules)
 ✓ Compiled in 809ms (286 modules)
 ✓ Compiled /api/oracle/train in 445ms (138 modules)
API resolved without sending a response for /api/oracle/train, this may result in stalled requests.
 ✓ Compiled in 803ms (284 modules)
 ✓ Compiled /api/metrics in 180ms (135 modules)
 ✓ Compiled /issuer in 442ms (290 modules)
 ✓ Compiled /login in 389ms (294 modules)
 ✓ Compiled /api/identity/register in 167ms (144 modules)
 ✓ Compiled in 702ms (285 modules)
 ✓ Compiled /api/metrics in 322ms (287 modules)
 ✓ Compiled /issuer in 165ms (291 modules)
 ✓ Compiled /api/issuer/attest in 326ms (142 modules)
 ✓ Compiled /api/oracle/train in 340ms (145 modules)
API resolved without sending a response for /api/oracle/train, this may result in stalled requests.
 ○ Compiling /login ...
 ✓ Compiled /login in 1259ms (291 modules)
 ✓ Compiled /api/metrics in 260ms (138 modules)
 ✓ Compiled /api/identity/register in 499ms (142 modules)
 ✓ Compiled in 1157ms (285 modules)
 ✓ Compiled in 813ms (270 modules)
 ✓ Compiled /api/metrics in 71ms (134 modules)
 ✓ Compiled (136 modules)
 ✓ Compiled /issuer in 255ms (291 modules)
 ✓ Compiled /api/issuer/attest in 170ms (142 modules)
 ✓ Compiled /api/oracle/train in 142ms (145 modules)
API resolved without sending a response for /api/oracle/train, this may result in stalled requests.
API resolved without sending a response for /api/oracle/train, this may result in stalled requests.
 ○ Compiling /login ...
 ✓ Compiled /login in 1446ms (291 modules)
 ○ Compiling /register ...
 ✓ Compiled /register in 1336ms (291 modules)
 ✓ Compiled /api/identity/register in 451ms (142 modules)
 ✓ Compiled in 376ms (295 modules)
 ○ Compiling /issuer ...
 ✓ Compiled /issuer in 589ms (299 modules)
 ✓ Compiled /api/issuer/attest in 128ms (144 modules)
 ✓ Compiled in 910ms (285 modules)
 ✓ Compiled /api/metrics in 238ms (136 modules)
 ✓ Compiled /issuer in 151ms (289 modules)
 ✓ Compiled /api/issuer/attest in 265ms (142 modules)
 ✓ Compiled /api/oracle/train in 456ms (137 modules)
API resolved without sending a response for /api/oracle/train, this may result in stalled requests.
 ✓ Compiled /api/metrics in 131ms (136 modules)
 ✓ Compiled /api/oracle/train in 87ms (137 modules)
API resolved without sending a response for /api/oracle/train, this may result in stalled requests.
 ✓ Compiled /api/metrics in 65ms (136 modules)
 ✓ Compiled /api/oracle/train in 85ms (137 modules)
API resolved without sending a response for /api/oracle/train, this may result in stalled requests.
 ✓ Compiled /api/metrics in 57ms (136 modules)
 ✓ Compiled /login in 463ms (289 modules)
 ✓ Compiled /api/metrics in 192ms (136 modules)
 ✓ Compiled /api/oracle/train in 156ms (139 modules)
API resolved without sending a response for /api/oracle/train, this may result in stalled requests.
 ✓ Compiled /register in 311ms (289 modules)
 ✓ Compiled /api/identity/register in 368ms (140 modules)
 ✓ Compiled /api/metrics in 184ms (142 modules)
 ○ Compiling /issuer ...
 ✓ Compiled /issuer in 586ms (289 modules)
 ✓ Compiled /api/issuer/attest in 161ms (140 modules)
 ✓ Compiled /api/metrics in 119ms (142 modules)
 ✓ Compiled /api/identity/[did] in 181ms (140 modules)
 ✓ Compiled /api/loan/[action] in 103ms (142 modules)
 ✓ Compiled /api/oracle/score in 199ms (145 modules)
API resolved without sending a response for /api/oracle/score, this may result in stalled requests.
 ○ Compiling /loan ...
 ✓ Compiled /loan in 1774ms (289 modules)
 ✓ Compiled /api/loan/[action] in 207ms (142 modules)
 ✓ Compiled /api/metrics in 282ms (136 modules)
 ✓ Compiled /api/identity/[did] in 132ms (142 modules)
 ✓ Compiled /api/loan/[action] in 100ms (144 modules)
 ✓ Compiled /register in 317ms (299 modules)
 ○ Compiling /login ...
 ✓ Compiled /login in 880ms (301 modules)
 ✓ Compiled /api/identity/register in 156ms (142 modules)
 ✓ Compiled /issuer in 190ms (299 modules)
 ✓ Compiled /api/issuer/attest in 142ms (146 modules)
 ✓ Compiled /api/identity/[did] in 163ms (144 modules)
 ✓ Compiled /api/loan/[action] in 255ms (146 modules)
 ✓ Compiled /api/oracle/score in 127ms (149 modules)
API resolved without sending a response for /api/oracle/score, this may result in stalled requests.
 ✓ Compiled /loan in 173ms (302 modules)
 ✓ Compiled in 345ms (119 modules)
 ✓ Compiled /api/loan/[action] in 284ms (137 modules)
 ✓ Compiled in 184ms (119 modules)
 ✓ Compiled /api/loan/[action] in 116ms (137 modules)
 ✓ Compiled in 1178ms (270 modules)
 ✓ Compiled /api/loan/[action] in 86ms (137 modules)
 ○ Compiling /api/loan/apply ...
 ✓ Compiled /api/loan/apply in 649ms (141 modules)
 ✓ Compiled in 175ms (119 modules)
